[debug] [2024-01-30T13:59:36.088Z] ----------------------------------------------------------------------
[debug] [2024-01-30T13:59:36.090Z] Command:       C:\Program Files\nodejs\node.exe C:\Users\unreal\AppData\Roaming\npm\node_modules\firebase-tools\lib\bin\firebase.js init
[debug] [2024-01-30T13:59:36.090Z] CLI Version:   11.24.0
[debug] [2024-01-30T13:59:36.090Z] Platform:      win32
[debug] [2024-01-30T13:59:36.090Z] Node Version:  v16.16.0
[debug] [2024-01-30T13:59:36.091Z] Time:          Tue Jan 30 2024 19:29:36 GMT+0530 (India Standard Time)
[debug] [2024-01-30T13:59:36.091Z] ----------------------------------------------------------------------
[debug] 
[debug] [2024-01-30T13:59:36.099Z] > command requires scopes: ["email","openid","https://www.googleapis.com/auth/cloudplatformprojects.readonly","https://www.googleapis.com/auth/firebase","https://www.googleapis.com/auth/cloud-platform"]
[debug] [2024-01-30T13:59:36.099Z] > authorizing via signed-in user (mandster@gmail.com)
[info] 
     ######## #### ########  ######## ########     ###     ######  ########
     ##        ##  ##     ## ##       ##     ##  ##   ##  ##       ##
     ######    ##  ########  ######   ########  #########  ######  ######
     ##        ##  ##    ##  ##       ##     ## ##     ##       ## ##
     ##       #### ##     ## ######## ########  ##     ##  ######  ########

You're about to initialize a Firebase project in this directory:

  C:\Users\unreal\projects\contract

[info] 
=== Project Setup
[info] 
[info] First, let's associate this project directory with a Firebase project.
[info] You can create multiple project aliases by running firebase use --add, 
[info] but for now we'll just set up a default project.
[info] 
[debug] [2024-01-30T13:59:42.885Z] >>> [apiv2][query] GET https://firebase.googleapis.com/v1beta1/projects pageSize=100
[debug] [2024-01-30T13:59:44.169Z] <<< [apiv2][status] GET https://firebase.googleapis.com/v1beta1/projects 200
[debug] [2024-01-30T13:59:44.170Z] <<< [apiv2][body] GET https://firebase.googleapis.com/v1beta1/projects [omitted]
[debug] [2024-01-30T14:01:35.962Z] ----------------------------------------------------------------------
[debug] [2024-01-30T14:01:35.964Z] Command:       C:\Program Files\nodejs\node.exe C:\Users\unreal\AppData\Roaming\npm\node_modules\firebase-tools\lib\bin\firebase.js init
[debug] [2024-01-30T14:01:35.964Z] CLI Version:   11.24.0
[debug] [2024-01-30T14:01:35.964Z] Platform:      win32
[debug] [2024-01-30T14:01:35.965Z] Node Version:  v16.16.0
[debug] [2024-01-30T14:01:35.965Z] Time:          Tue Jan 30 2024 19:31:35 GMT+0530 (India Standard Time)
[debug] [2024-01-30T14:01:35.965Z] ----------------------------------------------------------------------
[debug] 
[debug] [2024-01-30T14:01:35.973Z] > command requires scopes: ["email","openid","https://www.googleapis.com/auth/cloudplatformprojects.readonly","https://www.googleapis.com/auth/firebase","https://www.googleapis.com/auth/cloud-platform"]
[debug] [2024-01-30T14:01:35.973Z] > authorizing via signed-in user (mandster@gmail.com)
[info] 
     ######## #### ########  ######## ########     ###     ######  ########
     ##        ##  ##     ## ##       ##     ##  ##   ##  ##       ##
     ######    ##  ########  ######   ########  #########  ######  ######
     ##        ##  ##    ##  ##       ##     ## ##     ##       ## ##
     ##       #### ##     ## ######## ########  ##     ##  ######  ########

You're about to initialize a Firebase project in this directory:

  C:\Users\unreal\projects\contract

[info] 
=== Project Setup
[info] 
[info] First, let's associate this project directory with a Firebase project.
[info] You can create multiple project aliases by running firebase use --add, 
[info] but for now we'll just set up a default project.
[info] 
[debug] [2024-01-30T14:01:40.622Z] >>> [apiv2][query] GET https://firebase.googleapis.com/v1beta1/projects pageSize=100
[debug] [2024-01-30T14:01:41.732Z] <<< [apiv2][status] GET https://firebase.googleapis.com/v1beta1/projects 200
[debug] [2024-01-30T14:01:41.732Z] <<< [apiv2][body] GET https://firebase.googleapis.com/v1beta1/projects [omitted]
[info] i  Using project contract-7e1e6 (Contract) 
[info] 
=== Hosting Setup
[info] 
[info] Your public directory is the folder (relative to your project directory) that
[info] will contain Hosting assets to be uploaded with firebase deploy. If you
[info] have a build process for your assets, use your build's output directory.
[info] 
